# JRE version: Java(TM) SE Runtime Environment (8.0_151-b12) (build 1.8.0_151-b12)
# Java VM: Java HotSpot(TM) 64-Bit Server VM (25.151-b12 mixed mode bsd-amd64 compressed oops)
Heap:
 PSYoungGen      total 76288K, used 54944K [0x000000076ab00000, 0x0000000770000000, 0x00000007c0000000)
  eden space 65536K, 68% used [0x000000076ab00000,0x000000076d6dad28,0x000000076eb00000)
  from space 10752K, 93% used [0x000000076eb00000,0x000000076f4cd6c0,0x000000076f580000)
  to   space 10752K, 0% used [0x000000076f580000,0x000000076f580000,0x0000000770000000)
 ParOldGen       total 85504K, used 24202K [0x00000006c0000000, 0x00000006c5380000, 0x000000076ab00000)
  object space 85504K, 28% used [0x00000006c0000000,0x00000006c17a2a30,0x00000006c5380000)
 Metaspace       used 24424K, capacity 25432K, committed 25728K, reserved 1071104K
  class space    used 3215K, capacity 3444K, committed 3456K, reserved 1048576K
GC Heap History (8 events):
Event: 5.191 GC heap before
{Heap before GC invocations=1 (full 0):
 PSYoungGen      total 76288K, used 54279K [0x000000076ab00000, 0x0000000770000000, 0x00000007c0000000)
  eden space 65536K, 82% used [0x000000076ab00000,0x000000076e001db8,0x000000076eb00000)
  from space 10752K, 0% used [0x000000076f580000,0x000000076f580000,0x0000000770000000)
  to   space 10752K, 0% used [0x000000076eb00000,0x000000076eb00000,0x000000076f580000)
 ParOldGen       total 175104K, used 0K [0x00000006c0000000, 0x00000006cab00000, 0x000000076ab00000)
  object space 175104K, 0% used [0x00000006c0000000,0x00000006c0000000,0x00000006cab00000)
 Metaspace       used 20312K, capacity 21052K, committed 21248K, reserved 1067008K
  class space    used 2838K, capacity 3030K, committed 3072K, reserved 1048576K
Event: 5.202 GC heap after
Heap after GC invocations=1 (full 0):
 PSYoungGen      total 76288K, used 9767K [0x000000076ab00000, 0x0000000770000000, 0x00000007c0000000)
  eden space 65536K, 0% used [0x000000076ab00000,0x000000076ab00000,0x000000076eb00000)
  from space 10752K, 90% used [0x000000076eb00000,0x000000076f489d08,0x000000076f580000)
  to   space 10752K, 0% used [0x000000076f580000,0x000000076f580000,0x0000000770000000)
 ParOldGen       total 175104K, used 6688K [0x00000006c0000000, 0x00000006cab00000, 0x000000076ab00000)
  object space 175104K, 3% used [0x00000006c0000000,0x00000006c0688020,0x00000006cab00000)
 Metaspace       used 20312K, capacity 21052K, committed 21248K, reserved 1067008K
  class space    used 2838K, capacity 3030K, committed 3072K, reserved 1048576K
}
Event: 5.202 GC heap before
{Heap before GC invocations=2 (full 1):
 PSYoungGen      total 76288K, used 9767K [0x000000076ab00000, 0x0000000770000000, 0x00000007c0000000)
  eden space 65536K, 0% used [0x000000076ab00000,0x000000076ab00000,0x000000076eb00000)
  from space 10752K, 90% used [0x000000076eb00000,0x000000076f489d08,0x000000076f580000)
  to   space 10752K, 0% used [0x000000076f580000,0x000000076f580000,0x0000000770000000)
 ParOldGen       total 175104K, used 6688K [0x00000006c0000000, 0x00000006cab00000, 0x000000076ab00000)
  object space 175104K, 3% used [0x00000006c0000000,0x00000006c0688020,0x00000006cab00000)
 Metaspace       used 20312K, capacity 21052K, committed 21248K, reserved 1067008K
  class space    used 2838K, capacity 3030K, committed 3072K, reserved 1048576K
Event: 5.227 GC heap after
Heap after GC invocations=2 (full 1):
 PSYoungGen      total 76288K, used 0K [0x000000076ab00000, 0x0000000770000000, 0x00000007c0000000)
  eden space 65536K, 0% used [0x000000076ab00000,0x000000076ab00000,0x000000076eb00000)
  from space 10752K, 0% used [0x000000076eb00000,0x000000076eb00000,0x000000076f580000)
  to   space 10752K, 0% used [0x000000076f580000,0x000000076f580000,0x0000000770000000)
 ParOldGen       total 85504K, used 12930K [0x00000006c0000000, 0x00000006c5380000, 0x000000076ab00000)
  object space 85504K, 15% used [0x00000006c0000000,0x00000006c0ca0aa0,0x00000006c5380000)
 Metaspace       used 20312K, capacity 21052K, committed 21248K, reserved 1067008K
  class space    used 2838K, capacity 3030K, committed 3072K, reserved 1048576K
}
Event: 26.520 GC heap before
{Heap before GC invocations=3 (full 1):
 PSYoungGen      total 76288K, used 65536K [0x000000076ab00000, 0x0000000770000000, 0x00000007c0000000)
  eden space 65536K, 100% used [0x000000076ab00000,0x000000076eb00000,0x000000076eb00000)
  from space 10752K, 0% used [0x000000076eb00000,0x000000076eb00000,0x000000076f580000)
  to   space 10752K, 0% used [0x000000076f580000,0x000000076f580000,0x0000000770000000)
 ParOldGen       total 85504K, used 12930K [0x00000006c0000000, 0x00000006c5380000, 0x000000076ab00000)
  object space 85504K, 15% used [0x00000006c0000000,0x00000006c0ca0aa0,0x00000006c5380000)
 Metaspace       used 24131K, capacity 25126K, committed 25216K, reserved 1071104K
  class space    used 3206K, capacity 3433K, committed 3456K, reserved 1048576K
Event: 26.527 GC heap after
Heap after GC invocations=3 (full 1):
 PSYoungGen      total 76288K, used 9828K [0x000000076ab00000, 0x0000000770000000, 0x00000007c0000000)
  eden space 65536K, 0% used [0x000000076ab00000,0x000000076ab00000,0x000000076eb00000)
  from space 10752K, 91% used [0x000000076f580000,0x000000076ff19340,0x0000000770000000)
  to   space 10752K, 0% used [0x000000076eb00000,0x000000076eb00000,0x000000076f580000)
 ParOldGen       total 85504K, used 18569K [0x00000006c0000000, 0x00000006c5380000, 0x000000076ab00000)
  object space 85504K, 21% used [0x00000006c0000000,0x00000006c1222558,0x00000006c5380000)
 Metaspace       used 24131K, capacity 25126K, committed 25216K, reserved 1071104K
  class space    used 3206K, capacity 3433K, committed 3456K, reserved 1048576K
}
Event: 56.422 GC heap before
{Heap before GC invocations=4 (full 1):
 PSYoungGen      total 76288K, used 75364K [0x000000076ab00000, 0x0000000770000000, 0x00000007c0000000)
  eden space 65536K, 100% used [0x000000076ab00000,0x000000076eb00000,0x000000076eb00000)
  from space 10752K, 91% used [0x000000076f580000,0x000000076ff19340,0x0000000770000000)
  to   space 10752K, 0% used [0x000000076eb00000,0x000000076eb00000,0x000000076f580000)
 ParOldGen       total 85504K, used 18569K [0x00000006c0000000, 0x00000006c5380000, 0x000000076ab00000)
  object space 85504K, 21% used [0x00000006c0000000,0x00000006c1222610,0x00000006c5380000)
 Metaspace       used 24170K, capacity 25126K, committed 25216K, reserved 1071104K
  class space    used 3206K, capacity 3433K, committed 3456K, reserved 1048576K
Event: 56.428 GC heap after
Heap after GC invocations=4 (full 1):
 PSYoungGen      total 76288K, used 10037K [0x000000076ab00000, 0x0000000770000000, 0x00000007c0000000)
  eden space 65536K, 0% used [0x000000076ab00000,0x000000076ab00000,0x000000076eb00000)
  from space 10752K, 93% used [0x000000076eb00000,0x000000076f4cd6c0,0x000000076f580000)
  to   space 10752K, 0% used [0x000000076f580000,0x000000076f580000,0x0000000770000000)
 ParOldGen       total 85504K, used 24202K [0x00000006c0000000, 0x00000006c5380000, 0x000000076ab00000)
  object space 85504K, 28% used [0x00000006c0000000,0x00000006c17a2a30,0x00000006c5380000)
 Metaspace       used 24170K, capacity 25126K, committed 25216K, reserved 1071104K
  class space    used 3206K, capacity 3433K, committed 3456K, reserved 1048576K
}

