# JRE version: Java(TM) SE Runtime Environment (8.0_151-b12) (build 1.8.0_151-b12)
# Java VM: Java HotSpot(TM) 64-Bit Server VM (25.151-b12 mixed mode bsd-amd64 compressed oops)
Heap:
 PSYoungGen      total 76288K, used 33466K [0x000000076ab00000, 0x0000000770000000, 0x00000007c0000000)
  eden space 65536K, 37% used [0x000000076ab00000,0x000000076c34ed88,0x000000076eb00000)
  from space 10752K, 79% used [0x000000076eb00000,0x000000076f35fc90,0x000000076f580000)
  to   space 10752K, 0% used [0x000000076f580000,0x000000076f580000,0x0000000770000000)
 ParOldGen       total 82432K, used 17384K [0x00000006c0000000, 0x00000006c5080000, 0x000000076ab00000)
  object space 82432K, 21% used [0x00000006c0000000,0x00000006c10fa028,0x00000006c5080000)
 Metaspace       used 24642K, capacity 25564K, committed 25856K, reserved 1071104K
  class space    used 3266K, capacity 3484K, committed 3584K, reserved 1048576K
GC Heap History (8 events):
Event: 10.320 GC heap before
{Heap before GC invocations=1 (full 0):
 PSYoungGen      total 76288K, used 54260K [0x000000076ab00000, 0x0000000770000000, 0x00000007c0000000)
  eden space 65536K, 82% used [0x000000076ab00000,0x000000076dffd398,0x000000076eb00000)
  from space 10752K, 0% used [0x000000076f580000,0x000000076f580000,0x0000000770000000)
  to   space 10752K, 0% used [0x000000076eb00000,0x000000076eb00000,0x000000076f580000)
 ParOldGen       total 175104K, used 0K [0x00000006c0000000, 0x00000006cab00000, 0x000000076ab00000)
  object space 175104K, 0% used [0x00000006c0000000,0x00000006c0000000,0x00000006cab00000)
 Metaspace       used 20262K, capacity 21042K, committed 21248K, reserved 1067008K
  class space    used 2792K, capacity 2976K, committed 3072K, reserved 1048576K
Event: 10.329 GC heap after
Heap after GC invocations=1 (full 0):
 PSYoungGen      total 76288K, used 9399K [0x000000076ab00000, 0x0000000770000000, 0x00000007c0000000)
  eden space 65536K, 0% used [0x000000076ab00000,0x000000076ab00000,0x000000076eb00000)
  from space 10752K, 87% used [0x000000076eb00000,0x000000076f42ddd8,0x000000076f580000)
  to   space 10752K, 0% used [0x000000076f580000,0x000000076f580000,0x0000000770000000)
 ParOldGen       total 175104K, used 5000K [0x00000006c0000000, 0x00000006cab00000, 0x000000076ab00000)
  object space 175104K, 2% used [0x00000006c0000000,0x00000006c04e2020,0x00000006cab00000)
 Metaspace       used 20262K, capacity 21042K, committed 21248K, reserved 1067008K
  class space    used 2792K, capacity 2976K, committed 3072K, reserved 1048576K
}
Event: 10.329 GC heap before
{Heap before GC invocations=2 (full 1):
 PSYoungGen      total 76288K, used 9399K [0x000000076ab00000, 0x0000000770000000, 0x00000007c0000000)
  eden space 65536K, 0% used [0x000000076ab00000,0x000000076ab00000,0x000000076eb00000)
  from space 10752K, 87% used [0x000000076eb00000,0x000000076f42ddd8,0x000000076f580000)
  to   space 10752K, 0% used [0x000000076f580000,0x000000076f580000,0x0000000770000000)
 ParOldGen       total 175104K, used 5000K [0x00000006c0000000, 0x00000006cab00000, 0x000000076ab00000)
  object space 175104K, 2% used [0x00000006c0000000,0x00000006c04e2020,0x00000006cab00000)
 Metaspace       used 20262K, capacity 21042K, committed 21248K, reserved 1067008K
  class space    used 2792K, capacity 2976K, committed 3072K, reserved 1048576K
Event: 10.357 GC heap after
Heap after GC invocations=2 (full 1):
 PSYoungGen      total 76288K, used 0K [0x000000076ab00000, 0x0000000770000000, 0x00000007c0000000)
  eden space 65536K, 0% used [0x000000076ab00000,0x000000076ab00000,0x000000076eb00000)
  from space 10752K, 0% used [0x000000076eb00000,0x000000076eb00000,0x000000076f580000)
  to   space 10752K, 0% used [0x000000076f580000,0x000000076f580000,0x0000000770000000)
 ParOldGen       total 82432K, used 11737K [0x00000006c0000000, 0x00000006c5080000, 0x000000076ab00000)
  object space 82432K, 14% used [0x00000006c0000000,0x00000006c0b76570,0x00000006c5080000)
 Metaspace       used 20262K, capacity 21042K, committed 21248K, reserved 1067008K
  class space    used 2792K, capacity 2976K, committed 3072K, reserved 1048576K
}
Event: 30.782 GC heap before
{Heap before GC invocations=3 (full 1):
 PSYoungGen      total 76288K, used 65536K [0x000000076ab00000, 0x0000000770000000, 0x00000007c0000000)
  eden space 65536K, 100% used [0x000000076ab00000,0x000000076eb00000,0x000000076eb00000)
  from space 10752K, 0% used [0x000000076eb00000,0x000000076eb00000,0x000000076f580000)
  to   space 10752K, 0% used [0x000000076f580000,0x000000076f580000,0x0000000770000000)
 ParOldGen       total 82432K, used 11737K [0x00000006c0000000, 0x00000006c5080000, 0x000000076ab00000)
  object space 82432K, 14% used [0x00000006c0000000,0x00000006c0b76570,0x00000006c5080000)
 Metaspace       used 24583K, capacity 25538K, committed 25856K, reserved 1071104K
  class space    used 3261K, capacity 3477K, committed 3584K, reserved 1048576K
Event: 30.793 GC heap after
Heap after GC invocations=3 (full 1):
 PSYoungGen      total 76288K, used 8624K [0x000000076ab00000, 0x0000000770000000, 0x00000007c0000000)
  eden space 65536K, 0% used [0x000000076ab00000,0x000000076ab00000,0x000000076eb00000)
  from space 10752K, 80% used [0x000000076f580000,0x000000076fdec398,0x0000000770000000)
  to   space 10752K, 0% used [0x000000076eb00000,0x000000076eb00000,0x000000076f580000)
 ParOldGen       total 82432K, used 17376K [0x00000006c0000000, 0x00000006c5080000, 0x000000076ab00000)
  object space 82432K, 21% used [0x00000006c0000000,0x00000006c10f8028,0x00000006c5080000)
 Metaspace       used 24583K, capacity 25538K, committed 25856K, reserved 1071104K
  class space    used 3261K, capacity 3477K, committed 3584K, reserved 1048576K
}
Event: 65.915 GC heap before
{Heap before GC invocations=4 (full 1):
 PSYoungGen      total 76288K, used 74160K [0x000000076ab00000, 0x0000000770000000, 0x00000007c0000000)
  eden space 65536K, 100% used [0x000000076ab00000,0x000000076eb00000,0x000000076eb00000)
  from space 10752K, 80% used [0x000000076f580000,0x000000076fdec398,0x0000000770000000)
  to   space 10752K, 0% used [0x000000076eb00000,0x000000076eb00000,0x000000076f580000)
 ParOldGen       total 82432K, used 17376K [0x00000006c0000000, 0x00000006c5080000, 0x000000076ab00000)
  object space 82432K, 21% used [0x00000006c0000000,0x00000006c10f8028,0x00000006c5080000)
 Metaspace       used 24585K, capacity 25538K, committed 25856K, reserved 1071104K
  class space    used 3261K, capacity 3477K, committed 3584K, reserved 1048576K
Event: 65.918 GC heap after
Heap after GC invocations=4 (full 1):
 PSYoungGen      total 76288K, used 8575K [0x000000076ab00000, 0x0000000770000000, 0x00000007c0000000)
  eden space 65536K, 0% used [0x000000076ab00000,0x000000076ab00000,0x000000076eb00000)
  from space 10752K, 79% used [0x000000076eb00000,0x000000076f35fc90,0x000000076f580000)
  to   space 10752K, 0% used [0x000000076f580000,0x000000076f580000,0x0000000770000000)
 ParOldGen       total 82432K, used 17384K [0x00000006c0000000, 0x00000006c5080000, 0x000000076ab00000)
  object space 82432K, 21% used [0x00000006c0000000,0x00000006c10fa028,0x00000006c5080000)
 Metaspace       used 24585K, capacity 25538K, committed 25856K, reserved 1071104K
  class space    used 3261K, capacity 3477K, committed 3584K, reserved 1048576K
}

